==165304== Memcheck, a memory error detector
==165304== Copyright (C) 2002-2013, and GNU GPL'd, by Julian Seward et al.
==165304== Using Valgrind-3.10.1 and LibVEX; rerun with -h for copyright info
==165304== Command: bins/dbg/h2_full+trace_test negative_deadline
==165304== Parent PID: 22189
==165304== 
==165304== Invalid read of size 8
==165304==    at 0x45C645: allocate_batch_control (call.c:1065)
==165304==    by 0x45D7B7: call_start_batch (call.c:1441)
==165304==    by 0x45E820: grpc_call_start_batch (call.c:1785)
==165304==    by 0x428CA2: simple_request_body (negative_deadline.c:138)
==165304==    by 0x428EC8: test_invoke_simple_request (negative_deadline.c:160)
==165304==    by 0x428F36: negative_deadline (negative_deadline.c:168)
==165304==    by 0x4053D1: grpc_end2end_tests (end2end_tests.c:404)
==165304==    by 0x4037B7: main (h2_full+trace.c:120)
==165304==  Address 0x8f2a308 is 1,560 bytes inside a block of size 5,336 free'd
==165304==    at 0x4C2BDEC: free (in /usr/lib/valgrind/vgpreload_memcheck-amd64-linux.so)
==165304==    by 0x4A5159: gpr_free (alloc.c:78)
==165304==    by 0x4A530A: gpr_arena_destroy (arena.c:52)
==165304==    by 0x45A861: release_call (call.c:480)
==165304==    by 0x44941F: grpc_exec_ctx_flush (exec_ctx.c:68)
==165304==    by 0x4494D3: grpc_exec_ctx_finish (exec_ctx.c:83)
==165304==    by 0x45FDB5: grpc_channel_create_call (channel.c:280)
==165304==    by 0x428A72: simple_request_body (negative_deadline.c:104)
==165304==    by 0x428EC8: test_invoke_simple_request (negative_deadline.c:160)
==165304==    by 0x428F36: negative_deadline (negative_deadline.c:168)
==165304==    by 0x4053D1: grpc_end2end_tests (end2end_tests.c:404)
==165304==    by 0x4037B7: main (h2_full+trace.c:120)
==165304== 
==165304== Invalid read of size 8
==165304==    at 0x45C651: allocate_batch_control (call.c:1066)
==165304==    by 0x45D7B7: call_start_batch (call.c:1441)
==165304==    by 0x45E820: grpc_call_start_batch (call.c:1785)
==165304==    by 0x428CA2: simple_request_body (negative_deadline.c:138)
==165304==    by 0x428EC8: test_invoke_simple_request (negative_deadline.c:160)
==165304==    by 0x428F36: negative_deadline (negative_deadline.c:168)
==165304==    by 0x4053D1: grpc_end2end_tests (end2end_tests.c:404)
==165304==    by 0x4037B7: main (h2_full+trace.c:120)
==165304==  Address 0x8f2a270 is 1,408 bytes inside a block of size 5,336 free'd
==165304==    at 0x4C2BDEC: free (in /usr/lib/valgrind/vgpreload_memcheck-amd64-linux.so)
==165304==    by 0x4A5159: gpr_free (alloc.c:78)
==165304==    by 0x4A530A: gpr_arena_destroy (arena.c:52)
==165304==    by 0x45A861: release_call (call.c:480)
==165304==    by 0x44941F: grpc_exec_ctx_flush (exec_ctx.c:68)
==165304==    by 0x4494D3: grpc_exec_ctx_finish (exec_ctx.c:83)
==165304==    by 0x45FDB5: grpc_channel_create_call (channel.c:280)
==165304==    by 0x428A72: simple_request_body (negative_deadline.c:104)
==165304==    by 0x428EC8: test_invoke_simple_request (negative_deadline.c:160)
==165304==    by 0x428F36: negative_deadline (negative_deadline.c:168)
==165304==    by 0x4053D1: grpc_end2end_tests (end2end_tests.c:404)
==165304==    by 0x4037B7: main (h2_full+trace.c:120)
==165304== 
==165304== Invalid read of size 8
==165304==    at 0x4A5347: gpr_arena_alloc (arena.c:60)
==165304==    by 0x45C661: allocate_batch_control (call.c:1066)
==165304==    by 0x45D7B7: call_start_batch (call.c:1441)
==165304==    by 0x45E820: grpc_call_start_batch (call.c:1785)
==165304==    by 0x428CA2: simple_request_body (negative_deadline.c:138)
==165304==    by 0x428EC8: test_invoke_simple_request (negative_deadline.c:160)
==165304==    by 0x428F36: negative_deadline (negative_deadline.c:168)
==165304==    by 0x4053D1: grpc_end2end_tests (end2end_tests.c:404)
==165304==    by 0x4037B7: main (h2_full+trace.c:120)
==165304==  Address 0x5def7b0 is 0 bytes inside a block of size 1,312 free'd
==165304==    at 0x4C2BDEC: free (in /usr/lib/valgrind/vgpreload_memcheck-amd64-linux.so)
==165304==    by 0x4A5159: gpr_free (alloc.c:78)
==165304==    by 0x4A52ED: gpr_arena_destroy (arena.c:49)
==165304==    by 0x45A861: release_call (call.c:480)
==165304==    by 0x44941F: grpc_exec_ctx_flush (exec_ctx.c:68)
==165304==    by 0x4494D3: grpc_exec_ctx_finish (exec_ctx.c:83)
==165304==    by 0x45FDB5: grpc_channel_create_call (channel.c:280)
==165304==    by 0x428A72: simple_request_body (negative_deadline.c:104)
==165304==    by 0x428EC8: test_invoke_simple_request (negative_deadline.c:160)
==165304==    by 0x428F36: negative_deadline (negative_deadline.c:168)
==165304==    by 0x4053D1: grpc_end2end_tests (end2end_tests.c:404)
==165304==    by 0x4037B7: main (h2_full+trace.c:120)
==165304== 
==165304== Invalid read of size 8
==165304==    at 0x4A5407: gpr_arena_alloc (arena.c:63)
==165304==    by 0x45C661: allocate_batch_control (call.c:1066)
==165304==    by 0x45D7B7: call_start_batch (call.c:1441)
==165304==    by 0x45E820: grpc_call_start_batch (call.c:1785)
==165304==    by 0x428CA2: simple_request_body (negative_deadline.c:138)
==165304==    by 0x428EC8: test_invoke_simple_request (negative_deadline.c:160)
==165304==    by 0x428F36: negative_deadline (negative_deadline.c:168)
==165304==    by 0x4053D1: grpc_end2end_tests (end2end_tests.c:404)
==165304==    by 0x4037B7: main (h2_full+trace.c:120)
==165304==  Address 0x5def7c0 is 16 bytes inside a block of size 1,312 free'd
==165304==    at 0x4C2BDEC: free (in /usr/lib/valgrind/vgpreload_memcheck-amd64-linux.so)
==165304==    by 0x4A5159: gpr_free (alloc.c:78)
==165304==    by 0x4A52ED: gpr_arena_destroy (arena.c:49)
==165304==    by 0x45A861: release_call (call.c:480)
==165304==    by 0x44941F: grpc_exec_ctx_flush (exec_ctx.c:68)
==165304==    by 0x4494D3: grpc_exec_ctx_finish (exec_ctx.c:83)
==165304==    by 0x45FDB5: grpc_channel_create_call (channel.c:280)
==165304==    by 0x428A72: simple_request_body (negative_deadline.c:104)
==165304==    by 0x428EC8: test_invoke_simple_request (negative_deadline.c:160)
==165304==    by 0x428F36: negative_deadline (negative_deadline.c:168)
==165304==    by 0x4053D1: grpc_end2end_tests (end2end_tests.c:404)
==165304==    by 0x4037B7: main (h2_full+trace.c:120)
==165304== 
==165304== Invalid read of size 8
==165304==    at 0x4A5369: gpr_arena_alloc (arena.c:64)
==165304==    by 0x45C661: allocate_batch_control (call.c:1066)
==165304==    by 0x45D7B7: call_start_batch (call.c:1441)
==165304==    by 0x45E820: grpc_call_start_batch (call.c:1785)
==165304==    by 0x428CA2: simple_request_body (negative_deadline.c:138)
==165304==    by 0x428EC8: test_invoke_simple_request (negative_deadline.c:160)
==165304==    by 0x428F36: negative_deadline (negative_deadline.c:168)
==165304==    by 0x4053D1: grpc_end2end_tests (end2end_tests.c:404)
==165304==    by 0x4037B7: main (h2_full+trace.c:120)
==165304==  Address 0x5def7c8 is 24 bytes inside a block of size 1,312 free'd
==165304==    at 0x4C2BDEC: free (in /usr/lib/valgrind/vgpreload_memcheck-amd64-linux.so)
==165304==    by 0x4A5159: gpr_free (alloc.c:78)
==165304==    by 0x4A52ED: gpr_arena_destroy (arena.c:49)
==165304==    by 0x45A861: release_call (call.c:480)
==165304==    by 0x44941F: grpc_exec_ctx_flush (exec_ctx.c:68)
==165304==    by 0x4494D3: grpc_exec_ctx_finish (exec_ctx.c:83)
==165304==    by 0x45FDB5: grpc_channel_create_call (channel.c:280)
==165304==    by 0x428A72: simple_request_body (negative_deadline.c:104)
==165304==    by 0x428EC8: test_invoke_simple_request (negative_deadline.c:160)
==165304==    by 0x428F36: negative_deadline (negative_deadline.c:168)
==165304==    by 0x4053D1: grpc_end2end_tests (end2end_tests.c:404)
==165304==    by 0x4037B7: main (h2_full+trace.c:120)
==165304== 
==165304== Invalid read of size 8
==165304==    at 0x4A5424: gpr_arena_alloc (arena.c:77)
==165304==    by 0x45C661: allocate_batch_control (call.c:1066)
==165304==    by 0x45D7B7: call_start_batch (call.c:1441)
==165304==    by 0x45E820: grpc_call_start_batch (call.c:1785)
==165304==    by 0x428CA2: simple_request_body (negative_deadline.c:138)
==165304==    by 0x428EC8: test_invoke_simple_request (negative_deadline.c:160)
==165304==    by 0x428F36: negative_deadline (negative_deadline.c:168)
==165304==    by 0x4053D1: grpc_end2end_tests (end2end_tests.c:404)
==165304==    by 0x4037B7: main (h2_full+trace.c:120)
==165304==  Address 0x8f29cf8 is 8 bytes inside a block of size 5,336 free'd
==165304==    at 0x4C2BDEC: free (in /usr/lib/valgrind/vgpreload_memcheck-amd64-linux.so)
==165304==    by 0x4A5159: gpr_free (alloc.c:78)
==165304==    by 0x4A530A: gpr_arena_destroy (arena.c:52)
==165304==    by 0x45A861: release_call (call.c:480)
==165304==    by 0x44941F: grpc_exec_ctx_flush (exec_ctx.c:68)
==165304==    by 0x4494D3: grpc_exec_ctx_finish (exec_ctx.c:83)
==165304==    by 0x45FDB5: grpc_channel_create_call (channel.c:280)
==165304==    by 0x428A72: simple_request_body (negative_deadline.c:104)
==165304==    by 0x428EC8: test_invoke_simple_request (negative_deadline.c:160)
==165304==    by 0x428F36: negative_deadline (negative_deadline.c:168)
==165304==    by 0x4053D1: grpc_end2end_tests (end2end_tests.c:404)
==165304==    by 0x4037B7: main (h2_full+trace.c:120)
==165304== 
==165304== Invalid read of size 8
==165304==    at 0x4A5449: gpr_arena_alloc (arena.c:80)
==165304==    by 0x45C661: allocate_batch_control (call.c:1066)
==165304==    by 0x45D7B7: call_start_batch (call.c:1441)
==165304==    by 0x45E820: grpc_call_start_batch (call.c:1785)
==165304==    by 0x428CA2: simple_request_body (negative_deadline.c:138)
==165304==    by 0x428EC8: test_invoke_simple_request (negative_deadline.c:160)
==165304==    by 0x428F36: negative_deadline (negative_deadline.c:168)
==165304==    by 0x4053D1: grpc_end2end_tests (end2end_tests.c:404)
==165304==    by 0x4037B7: main (h2_full+trace.c:120)
==165304==  Address 0x8f29cf0 is 0 bytes inside a block of size 5,336 free'd
==165304==    at 0x4C2BDEC: free (in /usr/lib/valgrind/vgpreload_memcheck-amd64-linux.so)
==165304==    by 0x4A5159: gpr_free (alloc.c:78)
==165304==    by 0x4A530A: gpr_arena_destroy (arena.c:52)
==165304==    by 0x45A861: release_call (call.c:480)
==165304==    by 0x44941F: grpc_exec_ctx_flush (exec_ctx.c:68)
==165304==    by 0x4494D3: grpc_exec_ctx_finish (exec_ctx.c:83)
==165304==    by 0x45FDB5: grpc_channel_create_call (channel.c:280)
==165304==    by 0x428A72: simple_request_body (negative_deadline.c:104)
==165304==    by 0x428EC8: test_invoke_simple_request (negative_deadline.c:160)
==165304==    by 0x428F36: negative_deadline (negative_deadline.c:168)
==165304==    by 0x4053D1: grpc_end2end_tests (end2end_tests.c:404)
==165304==    by 0x4037B7: main (h2_full+trace.c:120)
==165304== 
==165304== Invalid read of size 8
==165304==    at 0x4A548F: gpr_arena_alloc (arena.c:81)
==165304==    by 0x45C661: allocate_batch_control (call.c:1066)
==165304==    by 0x45D7B7: call_start_batch (call.c:1441)
==165304==    by 0x45E820: grpc_call_start_batch (call.c:1785)
==165304==    by 0x428CA2: simple_request_body (negative_deadline.c:138)
==165304==    by 0x428EC8: test_invoke_simple_request (negative_deadline.c:160)
==165304==    by 0x428F36: negative_deadline (negative_deadline.c:168)
==165304==    by 0x4053D1: grpc_end2end_tests (end2end_tests.c:404)
==165304==    by 0x4037B7: main (h2_full+trace.c:120)
==165304==  Address 0x8f29cf8 is 8 bytes inside a block of size 5,336 free'd
==165304==    at 0x4C2BDEC: free (in /usr/lib/valgrind/vgpreload_memcheck-amd64-linux.so)
==165304==    by 0x4A5159: gpr_free (alloc.c:78)
==165304==    by 0x4A530A: gpr_arena_destroy (arena.c:52)
==165304==    by 0x45A861: release_call (call.c:480)
==165304==    by 0x44941F: grpc_exec_ctx_flush (exec_ctx.c:68)
==165304==    by 0x4494D3: grpc_exec_ctx_finish (exec_ctx.c:83)
==165304==    by 0x45FDB5: grpc_channel_create_call (channel.c:280)
==165304==    by 0x428A72: simple_request_body (negative_deadline.c:104)
==165304==    by 0x428EC8: test_invoke_simple_request (negative_deadline.c:160)
==165304==    by 0x428F36: negative_deadline (negative_deadline.c:168)
==165304==    by 0x4053D1: grpc_end2end_tests (end2end_tests.c:404)
==165304==    by 0x4037B7: main (h2_full+trace.c:120)
==165304== 
==165304== Invalid read of size 8
==165304==    at 0x4A54CA: gpr_arena_alloc (arena.c:82)
==165304==    by 0x45C661: allocate_batch_control (call.c:1066)
==165304==    by 0x45D7B7: call_start_batch (call.c:1441)
==165304==    by 0x45E820: grpc_call_start_batch (call.c:1785)
==165304==    by 0x428CA2: simple_request_body (negative_deadline.c:138)
==165304==    by 0x428EC8: test_invoke_simple_request (negative_deadline.c:160)
==165304==    by 0x428F36: negative_deadline (negative_deadline.c:168)
==165304==    by 0x4053D1: grpc_end2end_tests (end2end_tests.c:404)
==165304==    by 0x4037B7: main (h2_full+trace.c:120)
==165304==  Address 0x8f29cf0 is 0 bytes inside a block of size 5,336 free'd
==165304==    at 0x4C2BDEC: free (in /usr/lib/valgrind/vgpreload_memcheck-amd64-linux.so)
==165304==    by 0x4A5159: gpr_free (alloc.c:78)
==165304==    by 0x4A530A: gpr_arena_destroy (arena.c:52)
==165304==    by 0x45A861: release_call (call.c:480)
==165304==    by 0x44941F: grpc_exec_ctx_flush (exec_ctx.c:68)
==165304==    by 0x4494D3: grpc_exec_ctx_finish (exec_ctx.c:83)
==165304==    by 0x45FDB5: grpc_channel_create_call (channel.c:280)
==165304==    by 0x428A72: simple_request_body (negative_deadline.c:104)
==165304==    by 0x428EC8: test_invoke_simple_request (negative_deadline.c:160)
==165304==    by 0x428F36: negative_deadline (negative_deadline.c:168)
==165304==    by 0x4053D1: grpc_end2end_tests (end2end_tests.c:404)
==165304==    by 0x4037B7: main (h2_full+trace.c:120)
==165304== 
==165304== Invalid write of size 8
==165304==    at 0x45C666: allocate_batch_control (call.c:1066)
==165304==    by 0x45D7B7: call_start_batch (call.c:1441)
==165304==    by 0x45E820: grpc_call_start_batch (call.c:1785)
==165304==    by 0x428CA2: simple_request_body (negative_deadline.c:138)
==165304==    by 0x428EC8: test_invoke_simple_request (negative_deadline.c:160)
==165304==    by 0x428F36: negative_deadline (negative_deadline.c:168)
==165304==    by 0x4053D1: grpc_end2end_tests (end2end_tests.c:404)
==165304==    by 0x4037B7: main (h2_full+trace.c:120)
==165304==  Address 0x8f2a308 is 1,560 bytes inside a block of size 5,336 free'd
==165304==    at 0x4C2BDEC: free (in /usr/lib/valgrind/vgpreload_memcheck-amd64-linux.so)
==165304==    by 0x4A5159: gpr_free (alloc.c:78)
==165304==    by 0x4A530A: gpr_arena_destroy (arena.c:52)
==165304==    by 0x45A861: release_call (call.c:480)
==165304==    by 0x44941F: grpc_exec_ctx_flush (exec_ctx.c:68)
==165304==    by 0x4494D3: grpc_exec_ctx_finish (exec_ctx.c:83)
==165304==    by 0x45FDB5: grpc_channel_create_call (channel.c:280)
==165304==    by 0x428A72: simple_request_body (negative_deadline.c:104)
==165304==    by 0x428EC8: test_invoke_simple_request (negative_deadline.c:160)
==165304==    by 0x428F36: negative_deadline (negative_deadline.c:168)
==165304==    by 0x4053D1: grpc_end2end_tests (end2end_tests.c:404)
==165304==    by 0x4037B7: main (h2_full+trace.c:120)
==165304== 
==165304== Invalid read of size 8
==165304==    at 0x45C66D: allocate_batch_control (call.c:1068)
==165304==    by 0x45D7B7: call_start_batch (call.c:1441)
==165304==    by 0x45E820: grpc_call_start_batch (call.c:1785)
==165304==    by 0x428CA2: simple_request_body (negative_deadline.c:138)
==165304==    by 0x428EC8: test_invoke_simple_request (negative_deadline.c:160)
==165304==    by 0x428F36: negative_deadline (negative_deadline.c:168)
==165304==    by 0x4053D1: grpc_end2end_tests (end2end_tests.c:404)
==165304==    by 0x4037B7: main (h2_full+trace.c:120)
==165304==  Address 0x8f2a308 is 1,560 bytes inside a block of size 5,336 free'd
==165304==    at 0x4C2BDEC: free (in /usr/lib/valgrind/vgpreload_memcheck-amd64-linux.so)
==165304==    by 0x4A5159: gpr_free (alloc.c:78)
==165304==    by 0x4A530A: gpr_arena_destroy (arena.c:52)
==165304==    by 0x45A861: release_call (call.c:480)
==165304==    by 0x44941F: grpc_exec_ctx_flush (exec_ctx.c:68)
==165304==    by 0x4494D3: grpc_exec_ctx_finish (exec_ctx.c:83)
==165304==    by 0x45FDB5: grpc_channel_create_call (channel.c:280)
==165304==    by 0x428A72: simple_request_body (negative_deadline.c:104)
==165304==    by 0x428EC8: test_invoke_simple_request (negative_deadline.c:160)
==165304==    by 0x428F36: negative_deadline (negative_deadline.c:168)
==165304==    by 0x4053D1: grpc_end2end_tests (end2end_tests.c:404)
==165304==    by 0x4037B7: main (h2_full+trace.c:120)
==165304== 
==165304== Invalid read of size 8
==165304==    at 0x45C678: allocate_batch_control (call.c:1069)
==165304==    by 0x45D7B7: call_start_batch (call.c:1441)
==165304==    by 0x45E820: grpc_call_start_batch (call.c:1785)
==165304==    by 0x428CA2: simple_request_body (negative_deadline.c:138)
==165304==    by 0x428EC8: test_invoke_simple_request (negative_deadline.c:160)
==165304==    by 0x428F36: negative_deadline (negative_deadline.c:168)
==165304==    by 0x4053D1: grpc_end2end_tests (end2end_tests.c:404)
==165304==    by 0x4037B7: main (h2_full+trace.c:120)
==165304==  Address 0x8f2acc8 is 4,056 bytes inside a block of size 5,336 free'd
==165304==    at 0x4C2BDEC: free (in /usr/lib/valgrind/vgpreload_memcheck-amd64-linux.so)
==165304==    by 0x4A5159: gpr_free (alloc.c:78)
==165304==    by 0x4A530A: gpr_arena_destroy (arena.c:52)
==165304==    by 0x45A861: release_call (call.c:480)
==165304==    by 0x44941F: grpc_exec_ctx_flush (exec_ctx.c:68)
==165304==    by 0x4494D3: grpc_exec_ctx_finish (exec_ctx.c:83)
==165304==    by 0x45FDB5: grpc_channel_create_call (channel.c:280)
==165304==    by 0x428A72: simple_request_body (negative_deadline.c:104)
==165304==    by 0x428EC8: test_invoke_simple_request (negative_deadline.c:160)
==165304==    by 0x428F36: negative_deadline (negative_deadline.c:168)
==165304==    by 0x4053D1: grpc_end2end_tests (end2end_tests.c:404)
==165304==    by 0x4037B7: main (h2_full+trace.c:120)
==165304== 
==165304== Invalid write of size 8
==165304==    at 0x4C313C7: memset (in /usr/lib/valgrind/vgpreload_memcheck-amd64-linux.so)
==165304==    by 0x45C69C: allocate_batch_control (call.c:1072)
==165304==    by 0x45D7B7: call_start_batch (call.c:1441)
==165304==    by 0x45E820: grpc_call_start_batch (call.c:1785)
==165304==    by 0x428CA2: simple_request_body (negative_deadline.c:138)
==165304==    by 0x428EC8: test_invoke_simple_request (negative_deadline.c:160)
==165304==    by 0x428F36: negative_deadline (negative_deadline.c:168)
==165304==    by 0x4053D1: grpc_end2end_tests (end2end_tests.c:404)
==165304==    by 0x4037B7: main (h2_full+trace.c:120)
==165304==  Address 0x8f2acc8 is 4,056 bytes inside a block of size 5,336 free'd
==165304==    at 0x4C2BDEC: free (in /usr/lib/valgrind/vgpreload_memcheck-amd64-linux.so)
==165304==    by 0x4A5159: gpr_free (alloc.c:78)
==165304==    by 0x4A530A: gpr_arena_destroy (arena.c:52)
==165304==    by 0x45A861: release_call (call.c:480)
==165304==    by 0x44941F: grpc_exec_ctx_flush (exec_ctx.c:68)
==165304==    by 0x4494D3: grpc_exec_ctx_finish (exec_ctx.c:83)
==165304==    by 0x45FDB5: grpc_channel_create_call (channel.c:280)
==165304==    by 0x428A72: simple_request_body (negative_deadline.c:104)
==165304==    by 0x428EC8: test_invoke_simple_request (negative_deadline.c:160)
==165304==    by 0x428F36: negative_deadline (negative_deadline.c:168)
==165304==    by 0x4053D1: grpc_end2end_tests (end2end_tests.c:404)
==165304==    by 0x4037B7: main (h2_full+trace.c:120)
==165304== 
==165304== Invalid write of size 8
==165304==    at 0x45C6A5: allocate_batch_control (call.c:1073)
==165304==    by 0x45D7B7: call_start_batch (call.c:1441)
==165304==    by 0x45E820: grpc_call_start_batch (call.c:1785)
==165304==    by 0x428CA2: simple_request_body (negative_deadline.c:138)
==165304==    by 0x428EC8: test_invoke_simple_request (negative_deadline.c:160)
==165304==    by 0x428F36: negative_deadline (negative_deadline.c:168)
==165304==    by 0x4053D1: grpc_end2end_tests (end2end_tests.c:404)
==165304==    by 0x4037B7: main (h2_full+trace.c:120)
==165304==  Address 0x8f2acc8 is 4,056 bytes inside a block of size 5,336 free'd
==165304==    at 0x4C2BDEC: free (in /usr/lib/valgrind/vgpreload_memcheck-amd64-linux.so)
==165304==    by 0x4A5159: gpr_free (alloc.c:78)
==165304==    by 0x4A530A: gpr_arena_destroy (arena.c:52)
==165304==    by 0x45A861: release_call (call.c:480)
==165304==    by 0x44941F: grpc_exec_ctx_flush (exec_ctx.c:68)
==165304==    by 0x4494D3: grpc_exec_ctx_finish (exec_ctx.c:83)
==165304==    by 0x45FDB5: grpc_channel_create_call (channel.c:280)
==165304==    by 0x428A72: simple_request_body (negative_deadline.c:104)
==165304==    by 0x428EC8: test_invoke_simple_request (negative_deadline.c:160)
==165304==    by 0x428F36: negative_deadline (negative_deadline.c:168)
==165304==    by 0x4053D1: grpc_end2end_tests (end2end_tests.c:404)
==165304==    by 0x4037B7: main (h2_full+trace.c:120)
==165304== 
==165304== Invalid write of size 8
==165304==    at 0x45C6B7: allocate_batch_control (call.c:1074)
==165304==    by 0x45D7B7: call_start_batch (call.c:1441)
==165304==    by 0x45E820: grpc_call_start_batch (call.c:1785)
==165304==    by 0x428CA2: simple_request_body (negative_deadline.c:138)
==165304==    by 0x428EC8: test_invoke_simple_request (negative_deadline.c:160)
==165304==    by 0x428F36: negative_deadline (negative_deadline.c:168)
==165304==    by 0x4053D1: grpc_end2end_tests (end2end_tests.c:404)
==165304==    by 0x4037B7: main (h2_full+trace.c:120)
==165304==  Address 0x8f2ad80 is 4,240 bytes inside a block of size 5,336 free'd
==165304==    at 0x4C2BDEC: free (in /usr/lib/valgrind/vgpreload_memcheck-amd64-linux.so)
==165304==    by 0x4A5159: gpr_free (alloc.c:78)
==165304==    by 0x4A530A: gpr_arena_destroy (arena.c:52)
==165304==    by 0x45A861: release_call (call.c:480)
==165304==    by 0x44941F: grpc_exec_ctx_flush (exec_ctx.c:68)
==165304==    by 0x4494D3: grpc_exec_ctx_finish (exec_ctx.c:83)
==165304==    by 0x45FDB5: grpc_channel_create_call (channel.c:280)
==165304==    by 0x428A72: simple_request_body (negative_deadline.c:104)
==165304==    by 0x428EC8: test_invoke_simple_request (negative_deadline.c:160)
==165304==    by 0x428F36: negative_deadline (negative_deadline.c:168)
==165304==    by 0x4053D1: grpc_end2end_tests (end2end_tests.c:404)
==165304==    by 0x4037B7: main (h2_full+trace.c:120)
==165304== 
==165304== Invalid write of size 8
==165304==    at 0x45D7E1: call_start_batch (call.c:1445)
==165304==    by 0x45E820: grpc_call_start_batch (call.c:1785)
==165304==    by 0x428CA2: simple_request_body (negative_deadline.c:138)
==165304==    by 0x428EC8: test_invoke_simple_request (negative_deadline.c:160)
==165304==    by 0x428F36: negative_deadline (negative_deadline.c:168)
==165304==    by 0x4053D1: grpc_end2end_tests (end2end_tests.c:404)
==165304==    by 0x4037B7: main (h2_full+trace.c:120)
==165304==  Address 0x8f2acd0 is 4,064 bytes inside a block of size 5,336 free'd
==165304==    at 0x4C2BDEC: free (in /usr/lib/valgrind/vgpreload_memcheck-amd64-linux.so)
==165304==    by 0x4A5159: gpr_free (alloc.c:78)
==165304==    by 0x4A530A: gpr_arena_destroy (arena.c:52)
==165304==    by 0x45A861: release_call (call.c:480)
==165304==    by 0x44941F: grpc_exec_ctx_flush (exec_ctx.c:68)
==165304==    by 0x4494D3: grpc_exec_ctx_finish (exec_ctx.c:83)
==165304==    by 0x45FDB5: grpc_channel_create_call (channel.c:280)
==165304==    by 0x428A72: simple_request_body (negative_deadline.c:104)
==165304==    by 0x428EC8: test_invoke_simple_request (negative_deadline.c:160)
==165304==    by 0x428F36: negative_deadline (negative_deadline.c:168)
==165304==    by 0x4053D1: grpc_end2end_tests (end2end_tests.c:404)
==165304==    by 0x4037B7: main (h2_full+trace.c:120)
==165304== 
==165304== Invalid write of size 1
==165304==    at 0x45D7F6: call_start_batch (call.c:1446)
==165304==    by 0x45E820: grpc_call_start_batch (call.c:1785)
==165304==    by 0x428CA2: simple_request_body (negative_deadline.c:138)
==165304==    by 0x428EC8: test_invoke_simple_request (negative_deadline.c:160)
==165304==    by 0x428F36: negative_deadline (negative_deadline.c:168)
==165304==    by 0x4053D1: grpc_end2end_tests (end2end_tests.c:404)
==165304==    by 0x4037B7: main (h2_full+trace.c:120)
==165304==  Address 0x8f2acd8 is 4,072 bytes inside a block of size 5,336 free'd
==165304==    at 0x4C2BDEC: free (in /usr/lib/valgrind/vgpreload_memcheck-amd64-linux.so)
==165304==    by 0x4A5159: gpr_free (alloc.c:78)
==165304==    by 0x4A530A: gpr_arena_destroy (arena.c:52)
==165304==    by 0x45A861: release_call (call.c:480)
==165304==    by 0x44941F: grpc_exec_ctx_flush (exec_ctx.c:68)
==165304==    by 0x4494D3: grpc_exec_ctx_finish (exec_ctx.c:83)
==165304==    by 0x45FDB5: grpc_channel_create_call (channel.c:280)
==165304==    by 0x428A72: simple_request_body (negative_deadline.c:104)
==165304==    by 0x428EC8: test_invoke_simple_request (negative_deadline.c:160)
==165304==    by 0x428F36: negative_deadline (negative_deadline.c:168)
==165304==    by 0x4053D1: grpc_end2end_tests (end2end_tests.c:404)
==165304==    by 0x4037B7: main (h2_full+trace.c:120)
==165304== 
==165304== Invalid read of size 1
==165304==    at 0x45E305: call_start_batch (call.c:1681)
==165304==    by 0x45E820: grpc_call_start_batch (call.c:1785)
==165304==    by 0x428CA2: simple_request_body (negative_deadline.c:138)
==165304==    by 0x428EC8: test_invoke_simple_request (negative_deadline.c:160)
==165304==    by 0x428F36: negative_deadline (negative_deadline.c:168)
==165304==    by 0x4053D1: grpc_end2end_tests (end2end_tests.c:404)
==165304==    by 0x4037B7: main (h2_full+trace.c:120)
==165304==  Address 0x8f2a2b8 is 1,480 bytes inside a block of size 5,336 free'd
==165304==    at 0x4C2BDEC: free (in /usr/lib/valgrind/vgpreload_memcheck-amd64-linux.so)
==165304==    by 0x4A5159: gpr_free (alloc.c:78)
==165304==    by 0x4A530A: gpr_arena_destroy (arena.c:52)
==165304==    by 0x45A861: release_call (call.c:480)
==165304==    by 0x44941F: grpc_exec_ctx_flush (exec_ctx.c:68)
==165304==    by 0x4494D3: grpc_exec_ctx_finish (exec_ctx.c:83)
==165304==    by 0x45FDB5: grpc_channel_create_call (channel.c:280)
==165304==    by 0x428A72: simple_request_body (negative_deadline.c:104)
==165304==    by 0x428EC8: test_invoke_simple_request (negative_deadline.c:160)
==165304==    by 0x428F36: negative_deadline (negative_deadline.c:168)
==165304==    by 0x4053D1: grpc_end2end_tests (end2end_tests.c:404)
==165304==    by 0x4037B7: main (h2_full+trace.c:120)
==165304== 
==165304== Invalid read of size 1
==165304==    at 0x45E326: call_start_batch (call.c:1685)
==165304==    by 0x45E820: grpc_call_start_batch (call.c:1785)
==165304==    by 0x428CA2: simple_request_body (negative_deadline.c:138)
==165304==    by 0x428EC8: test_invoke_simple_request (negative_deadline.c:160)
==165304==    by 0x428F36: negative_deadline (negative_deadline.c:168)
==165304==    by 0x4053D1: grpc_end2end_tests (end2end_tests.c:404)
==165304==    by 0x4037B7: main (h2_full+trace.c:120)
==165304==  Address 0x8f2a2c0 is 1,488 bytes inside a block of size 5,336 free'd
==165304==    at 0x4C2BDEC: free (in /usr/lib/valgrind/vgpreload_memcheck-amd64-linux.so)
==165304==    by 0x4A5159: gpr_free (alloc.c:78)
==165304==    by 0x4A530A: gpr_arena_destroy (arena.c:52)
==165304==    by 0x45A861: release_call (call.c:480)
==165304==    by 0x44941F: grpc_exec_ctx_flush (exec_ctx.c:68)
==165304==    by 0x4494D3: grpc_exec_ctx_finish (exec_ctx.c:83)
==165304==    by 0x45FDB5: grpc_channel_create_call (channel.c:280)
==165304==    by 0x428A72: simple_request_body (negative_deadline.c:104)
==165304==    by 0x428EC8: test_invoke_simple_request (negative_deadline.c:160)
==165304==    by 0x428F36: negative_deadline (negative_deadline.c:168)
==165304==    by 0x4053D1: grpc_end2end_tests (end2end_tests.c:404)
==165304==    by 0x4037B7: main (h2_full+trace.c:120)
==165304== 
==165304== Invalid write of size 1
==165304==    at 0x45E344: call_start_batch (call.c:1689)
==165304==    by 0x45E820: grpc_call_start_batch (call.c:1785)
==165304==    by 0x428CA2: simple_request_body (negative_deadline.c:138)
==165304==    by 0x428EC8: test_invoke_simple_request (negative_deadline.c:160)
==165304==    by 0x428F36: negative_deadline (negative_deadline.c:168)
==165304==    by 0x4053D1: grpc_end2end_tests (end2end_tests.c:404)
==165304==    by 0x4037B7: main (h2_full+trace.c:120)
==165304==  Address 0x8f2a2c0 is 1,488 bytes inside a block of size 5,336 free'd
==165304==    at 0x4C2BDEC: free (in /usr/lib/valgrind/vgpreload_memcheck-amd64-linux.so)
==165304==    by 0x4A5159: gpr_free (alloc.c:78)
==165304==    by 0x4A530A: gpr_arena_destroy (arena.c:52)
==165304==    by 0x45A861: release_call (call.c:480)
==165304==    by 0x44941F: grpc_exec_ctx_flush (exec_ctx.c:68)
==165304==    by 0x4494D3: grpc_exec_ctx_finish (exec_ctx.c:83)
==165304==    by 0x45FDB5: grpc_channel_create_call (channel.c:280)
==165304==    by 0x428A72: simple_request_body (negative_deadline.c:104)
==165304==    by 0x428EC8: test_invoke_simple_request (negative_deadline.c:160)
==165304==    by 0x428F36: negative_deadline (negative_deadline.c:168)
==165304==    by 0x4053D1: grpc_end2end_tests (end2end_tests.c:404)
==165304==    by 0x4037B7: main (h2_full+trace.c:120)
==165304== 
==165304== Invalid write of size 8
==165304==    at 0x45E35A: call_start_batch (call.c:1690)
==165304==    by 0x45E820: grpc_call_start_batch (call.c:1785)
==165304==    by 0x428CA2: simple_request_body (negative_deadline.c:138)
==165304==    by 0x428EC8: test_invoke_simple_request (negative_deadline.c:160)
==165304==    by 0x428F36: negative_deadline (negative_deadline.c:168)
==165304==    by 0x4053D1: grpc_end2end_tests (end2end_tests.c:404)
==165304==    by 0x4037B7: main (h2_full+trace.c:120)
==165304==  Address 0x8f2a688 is 2,456 bytes inside a block of size 5,336 free'd
==165304==    at 0x4C2BDEC: free (in /usr/lib/valgrind/vgpreload_memcheck-amd64-linux.so)
==165304==    by 0x4A5159: gpr_free (alloc.c:78)
==165304==    by 0x4A530A: gpr_arena_destroy (arena.c:52)
==165304==    by 0x45A861: release_call (call.c:480)
==165304==    by 0x44941F: grpc_exec_ctx_flush (exec_ctx.c:68)
==165304==    by 0x4494D3: grpc_exec_ctx_finish (exec_ctx.c:83)
==165304==    by 0x45FDB5: grpc_channel_create_call (channel.c:280)
==165304==    by 0x428A72: simple_request_body (negative_deadline.c:104)
==165304==    by 0x428EC8: test_invoke_simple_request (negative_deadline.c:160)
==165304==    by 0x428F36: negative_deadline (negative_deadline.c:168)
==165304==    by 0x4053D1: grpc_end2end_tests (end2end_tests.c:404)
==165304==    by 0x4037B7: main (h2_full+trace.c:120)
==165304== 
==165304== Invalid write of size 8
==165304==    at 0x45E373: call_start_batch (call.c:1692)
==165304==    by 0x45E820: grpc_call_start_batch (call.c:1785)
==165304==    by 0x428CA2: simple_request_body (negative_deadline.c:138)
==165304==    by 0x428EC8: test_invoke_simple_request (negative_deadline.c:160)
==165304==    by 0x428F36: negative_deadline (negative_deadline.c:168)
==165304==    by 0x4053D1: grpc_end2end_tests (end2end_tests.c:404)
==165304==    by 0x4037B7: main (h2_full+trace.c:120)
==165304==  Address 0x8f2a958 is 3,176 bytes inside a block of size 5,336 free'd
==165304==    at 0x4C2BDEC: free (in /usr/lib/valgrind/vgpreload_memcheck-amd64-linux.so)
==165304==    by 0x4A5159: gpr_free (alloc.c:78)
==165304==    by 0x4A530A: gpr_arena_destroy (arena.c:52)
==165304==    by 0x45A861: release_call (call.c:480)
==165304==    by 0x44941F: grpc_exec_ctx_flush (exec_ctx.c:68)
==165304==    by 0x4494D3: grpc_exec_ctx_finish (exec_ctx.c:83)
==165304==    by 0x45FDB5: grpc_channel_create_call (channel.c:280)
==165304==    by 0x428A72: simple_request_body (negative_deadline.c:104)
==165304==    by 0x428EC8: test_invoke_simple_request (negative_deadline.c:160)
==165304==    by 0x428F36: negative_deadline (negative_deadline.c:168)
==165304==    by 0x4053D1: grpc_end2end_tests (end2end_tests.c:404)
==165304==    by 0x4037B7: main (h2_full+trace.c:120)
==165304== 
==165304== Invalid write of size 8
==165304==    at 0x45E38C: call_start_batch (call.c:1693)
==165304==    by 0x45E820: grpc_call_start_batch (call.c:1785)
==165304==    by 0x428CA2: simple_request_body (negative_deadline.c:138)
==165304==    by 0x428EC8: test_invoke_simple_request (negative_deadline.c:160)
==165304==    by 0x428F36: negative_deadline (negative_deadline.c:168)
==165304==    by 0x4053D1: grpc_end2end_tests (end2end_tests.c:404)
==165304==    by 0x4037B7: main (h2_full+trace.c:120)
==165304==  Address 0x8f2a960 is 3,184 bytes inside a block of size 5,336 free'd
==165304==    at 0x4C2BDEC: free (in /usr/lib/valgrind/vgpreload_memcheck-amd64-linux.so)
==165304==    by 0x4A5159: gpr_free (alloc.c:78)
==165304==    by 0x4A530A: gpr_arena_destroy (arena.c:52)
==165304==    by 0x45A861: release_call (call.c:480)
==165304==    by 0x44941F: grpc_exec_ctx_flush (exec_ctx.c:68)
==165304==    by 0x4494D3: grpc_exec_ctx_finish (exec_ctx.c:83)
==165304==    by 0x45FDB5: grpc_channel_create_call (channel.c:280)
==165304==    by 0x428A72: simple_request_body (negative_deadline.c:104)
==165304==    by 0x428EC8: test_invoke_simple_request (negative_deadline.c:160)
==165304==    by 0x428F36: negative_deadline (negative_deadline.c:168)
==165304==    by 0x4053D1: grpc_end2end_tests (end2end_tests.c:404)
==165304==    by 0x4037B7: main (h2_full+trace.c:120)
==165304== 
==165304== Invalid read of size 1
==165304==    at 0x45E39A: call_start_batch (call.c:1695)
==165304==    by 0x45E820: grpc_call_start_batch (call.c:1785)
==165304==    by 0x428CA2: simple_request_body (negative_deadline.c:138)
==165304==    by 0x428EC8: test_invoke_simple_request (negative_deadline.c:160)
==165304==    by 0x428F36: negative_deadline (negative_deadline.c:168)
==165304==    by 0x4053D1: grpc_end2end_tests (end2end_tests.c:404)
==165304==    by 0x4037B7: main (h2_full+trace.c:120)
==165304==  Address 0x8f2ad88 is 4,248 bytes inside a block of size 5,336 free'd
==165304==    at 0x4C2BDEC: free (in /usr/lib/valgrind/vgpreload_memcheck-amd64-linux.so)
==165304==    by 0x4A5159: gpr_free (alloc.c:78)
==165304==    by 0x4A530A: gpr_arena_destroy (arena.c:52)
==165304==    by 0x45A861: release_call (call.c:480)
==165304==    by 0x44941F: grpc_exec_ctx_flush (exec_ctx.c:68)
==165304==    by 0x4494D3: grpc_exec_ctx_finish (exec_ctx.c:83)
==165304==    by 0x45FDB5: grpc_channel_create_call (channel.c:280)
==165304==    by 0x428A72: simple_request_body (negative_deadline.c:104)
==165304==    by 0x428EC8: test_invoke_simple_request (negative_deadline.c:160)
==165304==    by 0x428F36: negative_deadline (negative_deadline.c:168)
==165304==    by 0x4053D1: grpc_end2end_tests (end2end_tests.c:404)
==165304==    by 0x4037B7: main (h2_full+trace.c:120)
==165304== 
==165304== Invalid write of size 1
==165304==    at 0x45E3A1: call_start_batch (call.c:1695)
==165304==    by 0x45E820: grpc_call_start_batch (call.c:1785)
==165304==    by 0x428CA2: simple_request_body (negative_deadline.c:138)
==165304==    by 0x428EC8: test_invoke_simple_request (negative_deadline.c:160)
==165304==    by 0x428F36: negative_deadline (negative_deadline.c:168)
==165304==    by 0x4053D1: grpc_end2end_tests (end2end_tests.c:404)
==165304==    by 0x4037B7: main (h2_full+trace.c:120)
==165304==  Address 0x8f2ad88 is 4,248 bytes inside a block of size 5,336 free'd
==165304==    at 0x4C2BDEC: free (in /usr/lib/valgrind/vgpreload_memcheck-amd64-linux.so)
==165304==    by 0x4A5159: gpr_free (alloc.c:78)
==165304==    by 0x4A530A: gpr_arena_destroy (arena.c:52)
==165304==    by 0x45A861: release_call (call.c:480)
==165304==    by 0x44941F: grpc_exec_ctx_flush (exec_ctx.c:68)
==165304==    by 0x4494D3: grpc_exec_ctx_finish (exec_ctx.c:83)
==165304==    by 0x45FDB5: grpc_channel_create_call (channel.c:280)
==165304==    by 0x428A72: simple_request_body (negative_deadline.c:104)
==165304==    by 0x428EC8: test_invoke_simple_request (negative_deadline.c:160)
==165304==    by 0x428F36: negative_deadline (negative_deadline.c:168)
==165304==    by 0x4053D1: grpc_end2end_tests (end2end_tests.c:404)
==165304==    by 0x4037B7: main (h2_full+trace.c:120)
==165304== 
==165304== Invalid read of size 1
==165304==    at 0x45E3AB: call_start_batch (call.c:1696)
==165304==    by 0x45E820: grpc_call_start_batch (call.c:1785)
==165304==    by 0x428CA2: simple_request_body (negative_deadline.c:138)
==165304==    by 0x428EC8: test_invoke_simple_request (negative_deadline.c:160)
==165304==    by 0x428F36: negative_deadline (negative_deadline.c:168)
==165304==    by 0x4053D1: grpc_end2end_tests (end2end_tests.c:404)
==165304==    by 0x4037B7: main (h2_full+trace.c:120)
==165304==  Address 0x8f2ad88 is 4,248 bytes inside a block of size 5,336 free'd
==165304==    at 0x4C2BDEC: free (in /usr/lib/valgrind/vgpreload_memcheck-amd64-linux.so)
==165304==    by 0x4A5159: gpr_free (alloc.c:78)
==165304==    by 0x4A530A: gpr_arena_destroy (arena.c:52)
==165304==    by 0x45A861: release_call (call.c:480)
==165304==    by 0x44941F: grpc_exec_ctx_flush (exec_ctx.c:68)
==165304==    by 0x4494D3: grpc_exec_ctx_finish (exec_ctx.c:83)
==165304==    by 0x45FDB5: grpc_channel_create_call (channel.c:280)
==165304==    by 0x428A72: simple_request_body (negative_deadline.c:104)
==165304==    by 0x428EC8: test_invoke_simple_request (negative_deadline.c:160)
==165304==    by 0x428F36: negative_deadline (negative_deadline.c:168)
==165304==    by 0x4053D1: grpc_end2end_tests (end2end_tests.c:404)
==165304==    by 0x4037B7: main (h2_full+trace.c:120)
==165304== 
==165304== Invalid write of size 1
==165304==    at 0x45E3B2: call_start_batch (call.c:1696)
==165304==    by 0x45E820: grpc_call_start_batch (call.c:1785)
==165304==    by 0x428CA2: simple_request_body (negative_deadline.c:138)
==165304==    by 0x428EC8: test_invoke_simple_request (negative_deadline.c:160)
==165304==    by 0x428F36: negative_deadline (negative_deadline.c:168)
==165304==    by 0x4053D1: grpc_end2end_tests (end2end_tests.c:404)
==165304==    by 0x4037B7: main (h2_full+trace.c:120)
==165304==  Address 0x8f2ad88 is 4,248 bytes inside a block of size 5,336 free'd
==165304==    at 0x4C2BDEC: free (in /usr/lib/valgrind/vgpreload_memcheck-amd64-linux.so)
==165304==    by 0x4A5159: gpr_free (alloc.c:78)
==165304==    by 0x4A530A: gpr_arena_destroy (arena.c:52)
==165304==    by 0x45A861: release_call (call.c:480)
==165304==    by 0x44941F: grpc_exec_ctx_flush (exec_ctx.c:68)
==165304==    by 0x4494D3: grpc_exec_ctx_finish (exec_ctx.c:83)
==165304==    by 0x45FDB5: grpc_channel_create_call (channel.c:280)
==165304==    by 0x428A72: simple_request_body (negative_deadline.c:104)
==165304==    by 0x428EC8: test_invoke_simple_request (negative_deadline.c:160)
==165304==    by 0x428F36: negative_deadline (negative_deadline.c:168)
==165304==    by 0x4053D1: grpc_end2end_tests (end2end_tests.c:404)
==165304==    by 0x4037B7: main (h2_full+trace.c:120)
==165304== 
==165304== Invalid write of size 8
==165304==    at 0x45E3CA: call_start_batch (call.c:1697)
==165304==    by 0x45E820: grpc_call_start_batch (call.c:1785)
==165304==    by 0x428CA2: simple_request_body (negative_deadline.c:138)
==165304==    by 0x428EC8: test_invoke_simple_request (negative_deadline.c:160)
==165304==    by 0x428F36: negative_deadline (negative_deadline.c:168)
==165304==    by 0x4053D1: grpc_end2end_tests (end2end_tests.c:404)
==165304==    by 0x4037B7: main (h2_full+trace.c:120)
==165304==  Address 0x8f2a360 is 1,648 bytes inside a block of size 5,336 free'd
==165304==    at 0x4C2BDEC: free (in /usr/lib/valgrind/vgpreload_memcheck-amd64-linux.so)
==165304==    by 0x4A5159: gpr_free (alloc.c:78)
==165304==    by 0x4A530A: gpr_arena_destroy (arena.c:52)
==165304==    by 0x45A861: release_call (call.c:480)
==165304==    by 0x44941F: grpc_exec_ctx_flush (exec_ctx.c:68)
==165304==    by 0x4494D3: grpc_exec_ctx_finish (exec_ctx.c:83)
==165304==    by 0x45FDB5: grpc_channel_create_call (channel.c:280)
==165304==    by 0x428A72: simple_request_body (negative_deadline.c:104)
==165304==    by 0x428EC8: test_invoke_simple_request (negative_deadline.c:160)
==165304==    by 0x428F36: negative_deadline (negative_deadline.c:168)
==165304==    by 0x4053D1: grpc_end2end_tests (end2end_tests.c:404)
==165304==    by 0x4037B7: main (h2_full+trace.c:120)
==165304== 
==165304== Invalid write of size 8
==165304==    at 0x45E3E3: call_start_batch (call.c:1699)
==165304==    by 0x45E820: grpc_call_start_batch (call.c:1785)
==165304==    by 0x428CA2: simple_request_body (negative_deadline.c:138)
==165304==    by 0x428EC8: test_invoke_simple_request (negative_deadline.c:160)
==165304==    by 0x428F36: negative_deadline (negative_deadline.c:168)
==165304==    by 0x4053D1: grpc_end2end_tests (end2end_tests.c:404)
==165304==    by 0x4037B7: main (h2_full+trace.c:120)
==165304==  Address 0x8f2a368 is 1,656 bytes inside a block of size 5,336 free'd
==165304==    at 0x4C2BDEC: free (in /usr/lib/valgrind/vgpreload_memcheck-amd64-linux.so)
==165304==    by 0x4A5159: gpr_free (alloc.c:78)
==165304==    by 0x4A530A: gpr_arena_destroy (arena.c:52)
==165304==    by 0x45A861: release_call (call.c:480)
==165304==    by 0x44941F: grpc_exec_ctx_flush (exec_ctx.c:68)
==165304==    by 0x4494D3: grpc_exec_ctx_finish (exec_ctx.c:83)
==165304==    by 0x45FDB5: grpc_channel_create_call (channel.c:280)
==165304==    by 0x428A72: simple_request_body (negative_deadline.c:104)
==165304==    by 0x428EC8: test_invoke_simple_request (negative_deadline.c:160)
==165304==    by 0x428F36: negative_deadline (negative_deadline.c:168)
==165304==    by 0x4053D1: grpc_end2end_tests (end2end_tests.c:404)
==165304==    by 0x4037B7: main (h2_full+trace.c:120)
==165304== 
==165304== Invalid read of size 8
==165304==    at 0x46CD2E: grpc_stream_ref (transport.c:42)
==165304==    by 0x45A7F1: grpc_call_internal_ref (call.c:470)
==165304==    by 0x45E4EF: call_start_batch (call.c:1729)
==165304==    by 0x45E820: grpc_call_start_batch (call.c:1785)
==165304==    by 0x428CA2: simple_request_body (negative_deadline.c:138)
==165304==    by 0x428EC8: test_invoke_simple_request (negative_deadline.c:160)
==165304==    by 0x428F36: negative_deadline (negative_deadline.c:168)
==165304==    by 0x4053D1: grpc_end2end_tests (end2end_tests.c:404)
==165304==    by 0x4037B7: main (h2_full+trace.c:120)
==165304==  Address 0x8f2a970 is 3,200 bytes inside a block of size 5,336 free'd
==165304==    at 0x4C2BDEC: free (in /usr/lib/valgrind/vgpreload_memcheck-amd64-linux.so)
==165304==    by 0x4A5159: gpr_free (alloc.c:78)
==165304==    by 0x4A530A: gpr_arena_destroy (arena.c:52)
==165304==    by 0x45A861: release_call (call.c:480)
==165304==    by 0x44941F: grpc_exec_ctx_flush (exec_ctx.c:68)
==165304==    by 0x4494D3: grpc_exec_ctx_finish (exec_ctx.c:83)
==165304==    by 0x45FDB5: grpc_channel_create_call (channel.c:280)
==165304==    by 0x428A72: simple_request_body (negative_deadline.c:104)
==165304==    by 0x428EC8: test_invoke_simple_request (negative_deadline.c:160)
==165304==    by 0x428F36: negative_deadline (negative_deadline.c:168)
==165304==    by 0x4053D1: grpc_end2end_tests (end2end_tests.c:404)
==165304==    by 0x4037B7: main (h2_full+trace.c:120)
==165304== 
==165304== Invalid read of size 8
==165304==    at 0x46CD41: grpc_stream_ref (transport.c:43)
==165304==    by 0x45A7F1: grpc_call_internal_ref (call.c:470)
==165304==    by 0x45E4EF: call_start_batch (call.c:1729)
==165304==    by 0x45E820: grpc_call_start_batch (call.c:1785)
==165304==    by 0x428CA2: simple_request_body (negative_deadline.c:138)
==165304==    by 0x428EC8: test_invoke_simple_request (negative_deadline.c:160)
==165304==    by 0x428F36: negative_deadline (negative_deadline.c:168)
==165304==    by 0x4053D1: grpc_end2end_tests (end2end_tests.c:404)
==165304==    by 0x4037B7: main (h2_full+trace.c:120)
==165304==  Address 0x8f2a988 is 3,224 bytes inside a block of size 5,336 free'd
==165304==    at 0x4C2BDEC: free (in /usr/lib/valgrind/vgpreload_memcheck-amd64-linux.so)
==165304==    by 0x4A5159: gpr_free (alloc.c:78)
==165304==    by 0x4A530A: gpr_arena_destroy (arena.c:52)
==165304==    by 0x45A861: release_call (call.c:480)
==165304==    by 0x44941F: grpc_exec_ctx_flush (exec_ctx.c:68)
==165304==    by 0x4494D3: grpc_exec_ctx_finish (exec_ctx.c:83)
==165304==    by 0x45FDB5: grpc_channel_create_call (channel.c:280)
==165304==    by 0x428A72: simple_request_body (negative_deadline.c:104)
==165304==    by 0x428EC8: test_invoke_simple_request (negative_deadline.c:160)
==165304==    by 0x428F36: negative_deadline (negative_deadline.c:168)
==165304==    by 0x4053D1: grpc_end2end_tests (end2end_tests.c:404)
==165304==    by 0x4037B7: main (h2_full+trace.c:120)
==165304== 
==165304== Invalid read of size 8
==165304==    at 0x46CD49: grpc_stream_ref (transport.c:43)
==165304==    by 0x45A7F1: grpc_call_internal_ref (call.c:470)
==165304==    by 0x45E4EF: call_start_batch (call.c:1729)
==165304==    by 0x45E820: grpc_call_start_batch (call.c:1785)
==165304==    by 0x428CA2: simple_request_body (negative_deadline.c:138)
==165304==    by 0x428EC8: test_invoke_simple_request (negative_deadline.c:160)
==165304==    by 0x428F36: negative_deadline (negative_deadline.c:168)
==165304==    by 0x4053D1: grpc_end2end_tests (end2end_tests.c:404)
==165304==    by 0x4037B7: main (h2_full+trace.c:120)
==165304==  Address 0x8f2a9c8 is 3,288 bytes inside a block of size 5,336 free'd
==165304==    at 0x4C2BDEC: free (in /usr/lib/valgrind/vgpreload_memcheck-amd64-linux.so)
==165304==    by 0x4A5159: gpr_free (alloc.c:78)
==165304==    by 0x4A530A: gpr_arena_destroy (arena.c:52)
==165304==    by 0x45A861: release_call (call.c:480)
==165304==    by 0x44941F: grpc_exec_ctx_flush (exec_ctx.c:68)
==165304==    by 0x4494D3: grpc_exec_ctx_finish (exec_ctx.c:83)
==165304==    by 0x45FDB5: grpc_channel_create_call (channel.c:280)
==165304==    by 0x428A72: simple_request_body (negative_deadline.c:104)
==165304==    by 0x428EC8: test_invoke_simple_request (negative_deadline.c:160)
==165304==    by 0x428F36: negative_deadline (negative_deadline.c:168)
==165304==    by 0x4053D1: grpc_end2end_tests (end2end_tests.c:404)
==165304==    by 0x4037B7: main (h2_full+trace.c:120)
==165304== 
==165304== Invalid read of size 8
==165304==    at 0x4A8B61: gpr_ref_non_zero (sync.c:90)
==165304==    by 0x46CD9F: grpc_stream_ref (transport.c:50)
==165304==    by 0x45A7F1: grpc_call_internal_ref (call.c:470)
==165304==    by 0x45E4EF: call_start_batch (call.c:1729)
==165304==    by 0x45E820: grpc_call_start_batch (call.c:1785)
==165304==    by 0x428CA2: simple_request_body (negative_deadline.c:138)
==165304==    by 0x428EC8: test_invoke_simple_request (negative_deadline.c:160)
==165304==    by 0x428F36: negative_deadline (negative_deadline.c:168)
==165304==    by 0x4053D1: grpc_end2end_tests (end2end_tests.c:404)
==165304==    by 0x4037B7: main (h2_full+trace.c:120)
==165304==  Address 0x8f2a970 is 3,200 bytes inside a block of size 5,336 free'd
==165304==    at 0x4C2BDEC: free (in /usr/lib/valgrind/vgpreload_memcheck-amd64-linux.so)
==165304==    by 0x4A5159: gpr_free (alloc.c:78)
==165304==    by 0x4A530A: gpr_arena_destroy (arena.c:52)
==165304==    by 0x45A861: release_call (call.c:480)
==165304==    by 0x44941F: grpc_exec_ctx_flush (exec_ctx.c:68)
==165304==    by 0x4494D3: grpc_exec_ctx_finish (exec_ctx.c:83)
==165304==    by 0x45FDB5: grpc_channel_create_call (channel.c:280)
==165304==    by 0x428A72: simple_request_body (negative_deadline.c:104)
==165304==    by 0x428EC8: test_invoke_simple_request (negative_deadline.c:160)
==165304==    by 0x428F36: negative_deadline (negative_deadline.c:168)
==165304==    by 0x4053D1: grpc_end2end_tests (end2end_tests.c:404)
==165304==    by 0x4037B7: main (h2_full+trace.c:120)
==165304== 
==165304== 
==165304== HEAP SUMMARY:
==165304==     in use at exit: 4,468,999 bytes in 147 blocks
==165304==   total heap usage: 675 allocs, 528 frees, 4,541,478 bytes allocated
==165304== 
==165304== LEAK SUMMARY:
==165304==    definitely lost: 40 bytes in 1 blocks
==165304==    indirectly lost: 664 bytes in 2 blocks
==165304==      possibly lost: 525,758 bytes in 7 blocks
==165304==    still reachable: 3,942,537 bytes in 137 blocks
==165304==         suppressed: 0 bytes in 0 blocks
==165304== Rerun with --leak-check=full to see details of leaked memory
==165304== 
==165304== For counts of detected and suppressed errors, rerun with: -v
==165304== ERROR SUMMARY: 73 errors from 33 contexts (suppressed: 0 from 0)
